This is pdfTeX, Version 3.141592653-2.6-1.40.29 (TeX Live 2026) (preloaded format=pdflatex 2026.3.30)  31 MAR 2026 12:53
entering extended mode
 restricted \write18 enabled.
 %&-line parsing enabled.
**main.tex
(./main.tex
LaTeX2e <2025-11-01>
L3 programming layer <2026-01-19>
(/home/aacar/.TinyTeX/texmf-dist/tex/latex/base/article.cls
Document Class: article 2025/01/22 v1.4n Standard LaTeX document class
(/home/aacar/.TinyTeX/texmf-dist/tex/latex/base/size12.clo
File: size12.clo 2025/01/22 v1.4n Standard LaTeX file (size option)
)
\c@part=\count275
\c@section=\count276
\c@subsection=\count277
\c@subsubsection=\count278
\c@paragraph=\count279
\c@subparagraph=\count280
\c@figure=\count281
\c@table=\count282
\abovecaptionskip=\skip49
\belowcaptionskip=\skip50
\bibindent=\dimen148
) (/home/aacar/.TinyTeX/texmf-dist/tex/latex/geometry/geometry.sty
Package: geometry 2026/03/07 v6.0 Page Geometry
 (/home/aacar/.TinyTeX/texmf-dist/tex/latex/graphics/keyval.sty
Package: keyval 2022/05/29 v1.15 key=value parser (DPC)
\KV@toks@=\toks17
) (/home/aacar/.TinyTeX/texmf-dist/tex/generic/iftex/ifvtex.sty
Package: ifvtex 2019/10/25 v1.7 ifvtex legacy package. Use iftex instead.
 (/home/aacar/.TinyTeX/texmf-dist/tex/generic/iftex/iftex.sty
Package: iftex 2024/12/12 v1.0g TeX engine tests
))
\Gm@cnth=\count283
\Gm@cntv=\count284
\c@Gm@tempcnt=\count285
\Gm@bindingoffset=\dimen149
\Gm@wd@mp=\dimen150
\Gm@odd@mp=\dimen151
\Gm@even@mp=\dimen152
\Gm@layoutwidth=\dimen153
\Gm@layoutheight=\dimen154
\Gm@layouthoffset=\dimen155
\Gm@layoutvoffset=\dimen156
\Gm@dimlist=\toks18
) (/home/aacar/.TinyTeX/texmf-dist/tex/latex/amsmath/amsmath.sty
Package: amsmath 2025/07/09 v2.17z AMS math features
\@mathmargin=\skip51

For additional information on amsmath, use the `?' option.
(/home/aacar/.TinyTeX/texmf-dist/tex/latex/amsmath/amstext.sty
Package: amstext 2024/11/17 v2.01 AMS text
 (/home/aacar/.TinyTeX/texmf-dist/tex/latex/amsmath/amsgen.sty
File: amsgen.sty 1999/11/30 v2.0 generic functions
\@emptytoks=\toks19
\ex@=\dimen157
)) (/home/aacar/.TinyTeX/texmf-dist/tex/latex/amsmath/amsbsy.sty
Package: amsbsy 1999/11/29 v1.2d Bold Symbols
\pmbraise@=\dimen158
) (/home/aacar/.TinyTeX/texmf-dist/tex/latex/amsmath/amsopn.sty
Package: amsopn 2022/04/08 v2.04 operator names
)
\inf@bad=\count286
LaTeX Info: Redefining \frac on input line 233.
\uproot@=\count287
\leftroot@=\count288
LaTeX Info: Redefining \overline on input line 398.
LaTeX Info: Redefining \colon on input line 409.
\classnum@=\count289
\DOTSCASE@=\count290
LaTeX Info: Redefining \ldots on input line 495.
LaTeX Info: Redefining \dots on input line 498.
LaTeX Info: Redefining \cdots on input line 619.
\Mathstrutbox@=\box53
\strutbox@=\box54
LaTeX Info: Redefining \big on input line 721.
LaTeX Info: Redefining \Big on input line 722.
LaTeX Info: Redefining \bigg on input line 723.
LaTeX Info: Redefining \Bigg on input line 724.
\big@size=\dimen159
LaTeX Font Info:    Redeclaring font encoding OML on input line 742.
LaTeX Font Info:    Redeclaring font encoding OMS on input line 743.
\macc@depth=\count291
LaTeX Info: Redefining \bmod on input line 904.
LaTeX Info: Redefining \pmod on input line 909.
LaTeX Info: Redefining \smash on input line 939.
LaTeX Info: Redefining \relbar on input line 969.
LaTeX Info: Redefining \Relbar on input line 970.
\c@MaxMatrixCols=\count292
\dotsspace@=\muskip17
\c@parentequation=\count293
\dspbrk@lvl=\count294
\tag@help=\toks20
\row@=\count295
\column@=\count296
\maxfields@=\count297
\andhelp@=\toks21
\eqnshift@=\dimen160
\alignsep@=\dimen161
\tagshift@=\dimen162
\tagwidth@=\dimen163
\totwidth@=\dimen164
\lineht@=\dimen165
\@envbody=\toks22
\multlinegap=\skip52
\multlinetaggap=\skip53
\mathdisplay@stack=\toks23
LaTeX Info: Redefining \[ on input line 2950.
LaTeX Info: Redefining \] on input line 2951.
) (/home/aacar/.TinyTeX/texmf-dist/tex/latex/amsfonts/amssymb.sty
Package: amssymb 2013/01/14 v3.01 AMS font symbols
 (/home/aacar/.TinyTeX/texmf-dist/tex/latex/amsfonts/amsfonts.sty
Package: amsfonts 2013/01/14 v3.01 Basic AMSFonts support
\symAMSa=\mathgroup4
\symAMSb=\mathgroup5
LaTeX Font Info:    Redeclaring math symbol \hbar on input line 98.
LaTeX Font Info:    Overwriting math alphabet `\mathfrak' in version `bold'
(Font)                  U/euf/m/n --> U/euf/b/n on input line 106.
)) (/home/aacar/.TinyTeX/texmf-dist/tex/latex/booktabs/booktabs.sty
Package: booktabs 2020/01/12 v1.61803398 Publication quality tables
\heavyrulewidth=\dimen166
\lightrulewidth=\dimen167
\cmidrulewidth=\dimen168
\belowrulesep=\dimen169
\belowbottomsep=\dimen170
\aboverulesep=\dimen171
\abovetopsep=\dimen172
\cmidrulesep=\dimen173
\cmidrulekern=\dimen174
\defaultaddspace=\dimen175
\@cmidla=\count298
\@cmidlb=\count299
\@aboverulesep=\dimen176
\@belowrulesep=\dimen177
\@thisruleclass=\count300
\@lastruleclass=\count301
\@thisrulewidth=\dimen178
) (/home/aacar/.TinyTeX/texmf-dist/tex/latex/graphics/graphicx.sty
Package: graphicx 2024/12/31 v1.2e Enhanced LaTeX Graphics (DPC,SPQR)
 (/home/aacar/.TinyTeX/texmf-dist/tex/latex/graphics/graphics.sty
Package: graphics 2024/08/06 v1.4g Standard LaTeX Graphics (DPC,SPQR)
 (/home/aacar/.TinyTeX/texmf-dist/tex/latex/graphics/trig.sty
Package: trig 2023/12/02 v1.11 sin cos tan (DPC)
) (/home/aacar/.TinyTeX/texmf-dist/tex/latex/graphics-cfg/graphics.cfg
File: graphics.cfg 2016/06/04 v1.11 sample graphics configuration
)
Package graphics Info: Driver file: pdftex.def on input line 106.
 (/home/aacar/.TinyTeX/texmf-dist/tex/latex/graphics-def/pdftex.def
File: pdftex.def 2025/09/29 v1.2d Graphics/color driver for pdftex
))
\Gin@req@height=\dimen179
\Gin@req@width=\dimen180
) (/home/aacar/.TinyTeX/texmf-dist/tex/latex/natbib/natbib.sty
Package: natbib 2010/09/13 8.31b (PWD, AO)
\bibhang=\skip54
\bibsep=\skip55
LaTeX Info: Redefining \cite on input line 694.
\c@NAT@ctr=\count302
) (/home/aacar/.TinyTeX/texmf-dist/tex/latex/setspace/setspace.sty
Package: setspace 2022/12/04 v6.7b set line spacing
) (/home/aacar/.TinyTeX/texmf-dist/tex/latex/hyperref/hyperref.sty
Package: hyperref 2026-01-29 v7.01p Hypertext links for LaTeX
 (/home/aacar/.TinyTeX/texmf-dist/tex/latex/kvsetkeys/kvsetkeys.sty
Package: kvsetkeys 2022-10-05 v1.19 Key value parser (HO)
) (/home/aacar/.TinyTeX/texmf-dist/tex/generic/kvdefinekeys/kvdefinekeys.sty
Package: kvdefinekeys 2019-12-19 v1.6 Define keys (HO)
) (/home/aacar/.TinyTeX/texmf-dist/tex/generic/pdfescape/pdfescape.sty
Package: pdfescape 2019/12/09 v1.15 Implements pdfTeX's escape features (HO)
 (/home/aacar/.TinyTeX/texmf-dist/tex/generic/ltxcmds/ltxcmds.sty
Package: ltxcmds 2023-12-04 v1.26 LaTeX kernel commands for general use (HO)
) (/home/aacar/.TinyTeX/texmf-dist/tex/generic/pdftexcmds/pdftexcmds.sty
Package: pdftexcmds 2020-06-27 v0.33 Utility functions of pdfTeX for LuaTeX (HO)
 (/home/aacar/.TinyTeX/texmf-dist/tex/generic/infwarerr/infwarerr.sty
Package: infwarerr 2019/12/03 v1.5 Providing info/warning/error messages (HO)
)
Package pdftexcmds Info: \pdf@primitive is available.
Package pdftexcmds Info: \pdf@ifprimitive is available.
Package pdftexcmds Info: \pdfdraftmode found.
)) (/home/aacar/.TinyTeX/texmf-dist/tex/latex/hycolor/hycolor.sty
Package: hycolor 2020-01-27 v1.10 Color options for hyperref/bookmark (HO)
) (/home/aacar/.TinyTeX/texmf-dist/tex/latex/hyperref/nameref.sty
Package: nameref 2026-01-29 v2.58 Cross-referencing by name of section
 (/home/aacar/.TinyTeX/texmf-dist/tex/latex/refcount/refcount.sty
Package: refcount 2019/12/15 v3.6 Data extraction from label references (HO)
) (/home/aacar/.TinyTeX/texmf-dist/tex/generic/gettitlestring/gettitlestring.sty
Package: gettitlestring 2019/12/15 v1.6 Cleanup title references (HO)
 (/home/aacar/.TinyTeX/texmf-dist/tex/latex/kvoptions/kvoptions.sty
Package: kvoptions 2022-06-15 v3.15 Key value format for package options (HO)
))
\c@section@level=\count303
) (/home/aacar/.TinyTeX/texmf-dist/tex/latex/etoolbox/etoolbox.sty
Package: etoolbox 2025/10/02 v2.5m e-TeX tools for LaTeX (JAW)
\etb@tempcnta=\count304
) (/home/aacar/.TinyTeX/texmf-dist/tex/generic/stringenc/stringenc.sty
Package: stringenc 2019/11/29 v1.12 Convert strings between diff. encodings (HO)
)
\@linkdim=\dimen181
\Hy@linkcounter=\count305
\Hy@pagecounter=\count306
 (/home/aacar/.TinyTeX/texmf-dist/tex/latex/hyperref/pd1enc.def
File: pd1enc.def 2026-01-29 v7.01p Hyperref: PDFDocEncoding definition (HO)
Now handling font encoding PD1 ...
... no UTF-8 mapping file for font encoding PD1
) (/home/aacar/.TinyTeX/texmf-dist/tex/generic/intcalc/intcalc.sty
Package: intcalc 2019/12/15 v1.3 Expandable calculations with integers (HO)
)
\Hy@SavedSpaceFactor=\count307
 (/home/aacar/.TinyTeX/texmf-dist/tex/latex/hyperref/puenc.def
File: puenc.def 2026-01-29 v7.01p Hyperref: PDF Unicode definition (HO)
Now handling font encoding PU ...
... no UTF-8 mapping file for font encoding PU
)
Package hyperref Info: Hyper figures OFF on input line 4201.
Package hyperref Info: Link nesting OFF on input line 4206.
Package hyperref Info: Hyper index ON on input line 4209.
Package hyperref Info: Plain pages OFF on input line 4216.
Package hyperref Info: Backreferencing OFF on input line 4221.
Package hyperref Info: Implicit mode ON; LaTeX internals redefined.
Package hyperref Info: Bookmarks ON on input line 4468.
\c@Hy@tempcnt=\count308
 (/home/aacar/.TinyTeX/texmf-dist/tex/latex/url/url.sty
\Urlmuskip=\muskip18
Package: url 2013/09/16  ver 3.4  Verb mode for urls, etc.
)
LaTeX Info: Redefining \url on input line 4807.
\XeTeXLinkMargin=\dimen182
 (/home/aacar/.TinyTeX/texmf-dist/tex/generic/bitset/bitset.sty
Package: bitset 2019/12/09 v1.3 Handle bit-vector datatype (HO)
 (/home/aacar/.TinyTeX/texmf-dist/tex/generic/bigintcalc/bigintcalc.sty
Package: bigintcalc 2019/12/15 v1.5 Expandable calculations on big integers (HO)
))
\Fld@menulength=\count309
\Field@Width=\dimen183
\Fld@charsize=\dimen184
Package hyperref Info: Hyper figures OFF on input line 6084.
Package hyperref Info: Link nesting OFF on input line 6089.
Package hyperref Info: Hyper index ON on input line 6092.
Package hyperref Info: backreferencing OFF on input line 6099.
Package hyperref Info: Link coloring OFF on input line 6104.
Package hyperref Info: Link coloring with OCG OFF on input line 6109.
Package hyperref Info: PDF/A mode OFF on input line 6114.
\Hy@abspage=\count310
\c@Item=\count311
\c@Hfootnote=\count312
)
Package hyperref Info: Driver (autodetected): hpdftex.
 (/home/aacar/.TinyTeX/texmf-dist/tex/latex/hyperref/hpdftex.def
File: hpdftex.def 2026-01-29 v7.01p Hyperref driver for pdfTeX
\Fld@listcount=\count313
\c@bookmark@seq@number=\count314
 (/home/aacar/.TinyTeX/texmf-dist/tex/latex/rerunfilecheck/rerunfilecheck.sty
Package: rerunfilecheck 2025-06-21 v1.11 Rerun checks for auxiliary files (HO)
 (/home/aacar/.TinyTeX/texmf-dist/tex/generic/uniquecounter/uniquecounter.sty
Package: uniquecounter 2019/12/15 v1.4 Provide unlimited unique counter (HO)
)
Package uniquecounter Info: New unique counter `rerunfilecheck' on input line 284.
)
\Hy@SectionHShift=\skip56
) (/home/aacar/.TinyTeX/texmf-dist/tex/latex/xcolor/xcolor.sty
Package: xcolor 2024/09/29 v3.02 LaTeX color extensions (UK)
 (/home/aacar/.TinyTeX/texmf-dist/tex/latex/graphics-cfg/color.cfg
File: color.cfg 2016/01/02 v1.6 sample color configuration
)
Package xcolor Info: Driver file: pdftex.def on input line 274.
 (/home/aacar/.TinyTeX/texmf-dist/tex/latex/graphics/mathcolor.ltx)
Package xcolor Info: Model `cmy' substituted by `cmy0' on input line 1349.
Package xcolor Info: Model `hsb' substituted by `rgb' on input line 1353.
Package xcolor Info: Model `RGB' extended on input line 1365.
Package xcolor Info: Model `HTML' substituted by `rgb' on input line 1367.
Package xcolor Info: Model `Hsb' substituted by `hsb' on input line 1368.
Package xcolor Info: Model `tHsb' substituted by `hsb' on input line 1369.
Package xcolor Info: Model `HSB' substituted by `hsb' on input line 1370.
Package xcolor Info: Model `Gray' substituted by `gray' on input line 1371.
Package xcolor Info: Model `wave' substituted by `hsb' on input line 1372.
) (/home/aacar/.TinyTeX/texmf-dist/tex/latex/caption/caption.sty
Package: caption 2023/08/05 v3.6o Customizing captions (AR)
 (/home/aacar/.TinyTeX/texmf-dist/tex/latex/caption/caption3.sty
Package: caption3 2023/07/31 v2.4d caption3 kernel (AR)
\caption@tempdima=\dimen185
\captionmargin=\dimen186
\caption@leftmargin=\dimen187
\caption@rightmargin=\dimen188
\caption@width=\dimen189
\caption@indent=\dimen190
\caption@parindent=\dimen191
\caption@hangindent=\dimen192
Package caption Info: Standard document class detected.
)
\c@caption@flags=\count315
\c@continuedfloat=\count316
Package caption Info: hyperref package is loaded.
) (/home/aacar/.TinyTeX/texmf-dist/tex/latex/threeparttable/threeparttable.sty
Package: threeparttable 2003/06/13  v 3.0
\@tempboxb=\box55
) (/home/aacar/.TinyTeX/texmf-dist/tex/latex/float/float.sty
Package: float 2001/11/08 v1.3d Float enhancements (AL)
\c@float@type=\count317
\float@exts=\toks24
\float@box=\box56
\@float@everytoks=\toks25
\@floatcapt=\box57
) (/home/aacar/.TinyTeX/texmf-dist/tex/latex/enumitem/enumitem.sty
Package: enumitem 2025/02/06 v3.11 Customized lists
\labelindent=\skip57
\enit@outerparindent=\dimen193
\enit@toks=\toks26
\enit@inbox=\box58
\enit@count@id=\count318
\enitdp@description=\count319
) (/home/aacar/.TinyTeX/texmf-dist/tex/latex/caption/subcaption.sty
Package: subcaption 2023/07/28 v1.6b Sub-captions (AR)
Package caption Info: New subtype `subfigure' on input line 238.
\c@subfigure=\count320
Package caption Info: New subtype `subtable' on input line 238.
\c@subtable=\count321
) (/home/aacar/.TinyTeX/texmf-dist/tex/latex/tools/longtable.sty
Package: longtable 2025-10-13 v4.24 Multi-page Table package (DPC)
\LTleft=\skip58
\LTright=\skip59
\LTpre=\skip60
\LTpost=\skip61
\LTchunksize=\count322
\LTcapwidth=\dimen194
\LT@head=\box59
\LT@firsthead=\box60
\LT@foot=\box61
\LT@lastfoot=\box62
\LT@gbox=\box63
\LT@cols=\count323
\LT@rows=\count324
\c@LT@tables=\count325
\c@LT@chunks=\count326
\LT@p@ftn=\toks27
) (/home/aacar/.TinyTeX/texmf-dist/tex/latex/pdflscape/pdflscape.sty
Package: pdflscape 2025-06-23 v0.14 Display of landscape pages in PDF
 (/home/aacar/.TinyTeX/texmf-dist/tex/latex/pdflscape/pdflscape-nometadata.sty
Package: pdflscape-nometadata 2025-06-23 v0.14 Display of landscape pages in PDF (HO)
 (/home/aacar/.TinyTeX/texmf-dist/tex/latex/graphics/lscape.sty
Package: lscape 2020/05/28 v3.02 Landscape Pages (DPC)
)
Package pdflscape Info: Auto-detected driver: pdftex on input line 81.
)) (/home/aacar/.TinyTeX/texmf-dist/tex/latex/appendix/appendix.sty
Package: appendix 2020/02/08 v1.2c extra appendix facilities
\c@@pps=\count327
\c@@ppsavesec=\count328
\c@@ppsaveapp=\count329
)
Package hyperref Info: Option `colorlinks' set `true' on input line 25.
 (/home/aacar/.TinyTeX/texmf-dist/tex/latex/l3backend/l3backend-pdftex.def
File: l3backend-pdftex.def 2025-10-09 L3 backend support: PDF output (pdfTeX)
\l__color_backend_stack_int=\count330
) (./main.aux)
\openout1 = `main.aux'.

LaTeX Font Info:    Checking defaults for OML/cmm/m/it on input line 43.
LaTeX Font Info:    ... okay on input line 43.
LaTeX Font Info:    Checking defaults for OMS/cmsy/m/n on input line 43.
LaTeX Font Info:    ... okay on input line 43.
LaTeX Font Info:    Checking defaults for OT1/cmr/m/n on input line 43.
LaTeX Font Info:    ... okay on input line 43.
LaTeX Font Info:    Checking defaults for T1/cmr/m/n on input line 43.
LaTeX Font Info:    ... okay on input line 43.
LaTeX Font Info:    Checking defaults for TS1/cmr/m/n on input line 43.
LaTeX Font Info:    ... okay on input line 43.
LaTeX Font Info:    Checking defaults for OMX/cmex/m/n on input line 43.
LaTeX Font Info:    ... okay on input line 43.
LaTeX Font Info:    Checking defaults for U/cmr/m/n on input line 43.
LaTeX Font Info:    ... okay on input line 43.
LaTeX Font Info:    Checking defaults for PD1/pdf/m/n on input line 43.
LaTeX Font Info:    ... okay on input line 43.
LaTeX Font Info:    Checking defaults for PU/pdf/m/n on input line 43.
LaTeX Font Info:    ... okay on input line 43.

*geometry* driver: auto-detecting
*geometry* detected driver: pdftex
*geometry* verbose mode - [ preamble ] result:
* driver: pdftex
* paper: <default>
* layout: <same size as paper>
* layoutoffset:(h,v)=(0.0pt,0.0pt)
* modes: 
* h-part:(L,W,R)=(72.26999pt, 469.75502pt, 72.26999pt)
* v-part:(T,H,B)=(72.26999pt, 650.43001pt, 72.26999pt)
* \paperwidth=614.295pt
* \paperheight=794.96999pt
* \textwidth=469.75502pt
* \textheight=650.43001pt
* \oddsidemargin=0.0pt
* \evensidemargin=0.0pt
* \topmargin=-37.0pt
* \headheight=12.0pt
* \headsep=25.0pt
* \topskip=12.0pt
* \footskip=30.0pt
* \marginparwidth=44.0pt
* \marginparsep=10.0pt
* \columnsep=10.0pt
* \skip\footins=10.8pt plus 4.0pt minus 2.0pt
* \hoffset=0.0pt
* \voffset=0.0pt
* \mag=1000
* \@twocolumnfalse
* \@twosidefalse
* \@mparswitchfalse
* \@reversemarginfalse
* (1in=72.27pt=25.4mm, 1cm=28.453pt)

(/home/aacar/.TinyTeX/texmf-dist/tex/latex/epstopdf-pkg/epstopdf-base.sty
Package: epstopdf-base 2020-01-24 v2.11 Base part for package epstopdf
 (/home/aacar/.TinyTeX/texmf-dist/tex/latex/grfext/grfext.sty
Package: grfext 2019/12/03 v1.3 Manage graphics extensions (HO)
)
Package epstopdf-base Info: Redefining graphics rule for `.eps' on input line 485.
Package grfext Info: Graphics extension search list:
(grfext)             [.pdf,.png,.jpg,.mps,.jpeg,.jbig2,.jb2,.PDF,.PNG,.JPG,.JPEG,.JBIG2,.JB2,.eps]
(grfext)             \AppendGraphicsExtensions on input line 504.
 (/home/aacar/.TinyTeX/texmf-dist/tex/latex/latexconfig/epstopdf-sys.cfg
File: epstopdf-sys.cfg 2010/07/13 v1.3 Configuration of (r)epstopdf for TeX Live
))
Package hyperref Info: Link coloring ON on input line 43.
 (./main.out) (./main.out)
\@outlinefile=\write3
\openout3 = `main.out'.

Package caption Info: Begin \AtBeginDocument code.
Package caption Info: float package is loaded.
Package caption Info: longtable package is loaded.
 (/home/aacar/.TinyTeX/texmf-dist/tex/latex/caption/ltcaption.sty
Package: ltcaption 2021/01/08 v1.4c longtable captions (AR)
)
Package caption Info: threeparttable package is loaded.
Package caption Info: End \AtBeginDocument code.
LaTeX Font Info:    Trying to load font information for U+msa on input line 45.
 (/home/aacar/.TinyTeX/texmf-dist/tex/latex/amsfonts/umsa.fd
File: umsa.fd 2013/01/14 v3.01 AMS symbols A
)
LaTeX Font Info:    Trying to load font information for U+msb on input line 45.
 (/home/aacar/.TinyTeX/texmf-dist/tex/latex/amsfonts/umsb.fd
File: umsb.fd 2013/01/14 v3.01 AMS symbols B
) [1

{/home/aacar/.TinyTeX/texmf-var/fonts/map/pdftex/updmap/pdftex.map}] [2] [3] [4] [5] [6] (./tables/tab_enforcement.tex) [7] [8] [9] [10] [11] [12] [13] [14] (./tables/tab_summary_stats_v3.tex) [15] (./tables/tab_balance.tex) [16]
<figures/fig_stoppage_distributions_v3.png, id=406, 464.4552pt x 247.8861pt>
File: figures/fig_stoppage_distributions_v3.png Graphic file (type png)
<use figures/fig_stoppage_distributions_v3.png>
Package pdftex.def Info: figures/fig_stoppage_distributions_v3.png  used on input line 245.
(pdftex.def)             Requested size: 469.75502pt x 250.72229pt.
 [17] (./tables/tab_did_results_v3.tex [18 <./figures/fig_stoppage_distributions_v3.png>]) [19] [20]
<figures/fig_event_study_v3.png, id=443, 464.6961pt x 284.0211pt>
File: figures/fig_event_study_v3.png Graphic file (type png)
<use figures/fig_event_study_v3.png>
Package pdftex.def Info: figures/fig_event_study_v3.png  used on input line 278.
(pdftex.def)             Requested size: 469.75502pt x 287.11473pt.
 [21 <./figures/fig_event_study_v3.png>] [22]
<figures/fig_honest_did_v3.pdf, id=468, 462.11206pt x 282.04936pt>
File: figures/fig_honest_did_v3.pdf Graphic file (type pdf)
<use figures/fig_honest_did_v3.pdf>
Package pdftex.def Info: figures/fig_honest_did_v3.pdf  used on input line 295.
(pdftex.def)             Requested size: 469.75502pt x 286.72249pt.
 [23] [24 <./figures/fig_honest_did_v3.pdf>]
<figures/fig_within_country_es.pdf, id=552, 462.12337pt x 281.54796pt>
File: figures/fig_within_country_es.pdf Graphic file (type pdf)
<use figures/fig_within_country_es.pdf>
Package pdftex.def Info: figures/fig_within_country_es.pdf  used on input line 308.
(pdftex.def)             Requested size: 469.75502pt x 286.21278pt.
 [25] [26 <./figures/fig_within_country_es.pdf>]
<figures/fig_1h_placebo_v3.pdf, id=624, 507.11835pt x 245.26881pt>
File: figures/fig_1h_placebo_v3.pdf Graphic file (type pdf)
<use figures/fig_1h_placebo_v3.pdf>
Package pdftex.def Info: figures/fig_1h_placebo_v3.pdf  used on input line 333.
(pdftex.def)             Requested size: 234.8775pt x 113.59972pt.
 [27] [28 <./figures/fig_1h_placebo_v3.pdf>] [29]
<figures/fig_compliance_forest_v3.png, id=696, 515.7669pt x 392.1852pt>
File: figures/fig_compliance_forest_v3.png Graphic file (type png)
<use figures/fig_compliance_forest_v3.png>
Package pdftex.def Info: figures/fig_compliance_forest_v3.png  used on input line 376.
(pdftex.def)             Requested size: 328.82707pt x 250.04018pt.
 [30 <./figures/fig_compliance_forest_v3.png>]
<figures/fig_adaptation_speed_v3.png, id=704, 455.7828pt x 297.2706pt>
File: figures/fig_adaptation_speed_v3.png Graphic file (type png)
<use figures/fig_adaptation_speed_v3.png>
Package pdftex.def Info: figures/fig_adaptation_speed_v3.png  used on input line 390.
(pdftex.def)             Requested size: 375.80544pt x 245.10611pt.
 [31 <./figures/fig_adaptation_speed_v3.png>] [32]
<figures/fig_goal_timing_v3.pdf, id=730, 462.12398pt x 281.33078pt>
File: figures/fig_goal_timing_v3.pdf Graphic file (type pdf)
<use figures/fig_goal_timing_v3.pdf>
Package pdftex.def Info: figures/fig_goal_timing_v3.pdf  used on input line 415.
(pdftex.def)             Requested size: 469.75502pt x 285.992pt.
 [33 <./figures/fig_goal_timing_v3.pdf>] [34] [35] (./tables/tab_decomposition_v3.tex) [36]
<figures/fig_quantile_effects_v3.pdf, id=809, 462.12462pt x 280.95026pt>
File: figures/fig_quantile_effects_v3.pdf Graphic file (type pdf)
<use figures/fig_quantile_effects_v3.pdf>
Package pdftex.def Info: figures/fig_quantile_effects_v3.pdf  used on input line 465.
(pdftex.def)             Requested size: 469.75502pt x 285.6052pt.
 [37] [38 <./figures/fig_quantile_effects_v3.pdf>] (./tables/tab_het_game_state.tex) [39] (./tables/tab_onpitch_effects_v3.tex) [40] [41] (./tables/tab_betting_efficiency_v3.tex) [42] [43] [44] [45] (./tables/tab_robustness_v3.tex) [46]
<figures/fig_spec_curve_v3.pdf, id=942, 462.41946pt x 353.57219pt>
File: figures/fig_spec_curve_v3.pdf Graphic file (type pdf)
<use figures/fig_spec_curve_v3.pdf>
Package pdftex.def Info: figures/fig_spec_curve_v3.pdf  used on input line 647.
(pdftex.def)             Requested size: 399.29463pt x 305.31241pt.
 [47] [48 <./figures/fig_spec_curve_v3.pdf>]
<figures/fig_permutation_v3.pdf, id=1023, 462.12462pt x 280.75201pt>
File: figures/fig_permutation_v3.pdf Graphic file (type pdf)
<use figures/fig_permutation_v3.pdf>
Package pdftex.def Info: figures/fig_permutation_v3.pdf  used on input line 662.
(pdftex.def)             Requested size: 352.31625pt x 214.0506pt.
 [49 <./figures/fig_permutation_v3.pdf>]
<figures/fig_goodman_bacon_v3.png, id=1088, 462.7689pt x 320.1561pt>
File: figures/fig_goodman_bacon_v3.png Graphic file (type png)
<use figures/fig_goodman_bacon_v3.png>
Package pdftex.def Info: figures/fig_goodman_bacon_v3.png  used on input line 681.
(pdftex.def)             Requested size: 399.29463pt x 276.25217pt.
 [50] [51 <./figures/fig_goodman_bacon_v3.png>] (./tables/tab_sensitivity.tex)
<figures/fig_covid_pretrends_v3.pdf, id=1108, 462.12965pt x 280.75201pt>
File: figures/fig_covid_pretrends_v3.pdf Graphic file (type pdf)
<use figures/fig_covid_pretrends_v3.pdf>
Package pdftex.def Info: figures/fig_covid_pretrends_v3.pdf  used on input line 706.
(pdftex.def)             Requested size: 399.29463pt x 242.57726pt.
 [52 <./figures/fig_covid_pretrends_v3.pdf>] [53]
<figures/fig_pl_reversal.pdf, id=1166, 462.0005pt x 281.7821pt>
File: figures/fig_pl_reversal.pdf Graphic file (type pdf)
<use figures/fig_pl_reversal.pdf>
Package pdftex.def Info: figures/fig_pl_reversal.pdf  used on input line 719.
(pdftex.def)             Requested size: 469.75502pt x 286.5282pt.
 [54 <./figures/fig_pl_reversal.pdf>] [55] [56] [57] [58] [59] [60] (./main.bbl [61] [62]) [63] (./tables/tab_compliance_v3.tex) (./tables/tab_health_v3.tex)
<figures/fig_decomposition_v3.pdf, id=1301, 462.14972pt x 281.65538pt>
File: figures/fig_decomposition_v3.pdf Graphic file (type pdf)
<use figures/fig_decomposition_v3.pdf>
Package pdftex.def Info: figures/fig_decomposition_v3.pdf  used on input line 918.
(pdftex.def)             Requested size: 399.29463pt x 243.35779pt.
 [64

] [65]
<figures/fig_result_changes_v3.pdf, id=1314, 462.08698pt x 261.68765pt>
File: figures/fig_result_changes_v3.pdf Graphic file (type pdf)
<use figures/fig_result_changes_v3.pdf>
Package pdftex.def Info: figures/fig_result_changes_v3.pdf  used on input line 925.
(pdftex.def)             Requested size: 399.29463pt x 226.13707pt.
<figures/fig_competitive_balance_v3.pdf, id=1315, 462.1171pt x 244.79456pt>
File: figures/fig_competitive_balance_v3.pdf Graphic file (type pdf)
<use figures/fig_competitive_balance_v3.pdf>
Package pdftex.def Info: figures/fig_competitive_balance_v3.pdf  used on input line 932.
(pdftex.def)             Requested size: 399.29463pt x 211.52399pt.
 [66 <./figures/fig_decomposition_v3.pdf> <./figures/fig_result_changes_v3.pdf>]
<figures/fig_bookmaker_adjustment_v3.pdf, id=1407, 461.03995pt x 281.55942pt>
File: figures/fig_bookmaker_adjustment_v3.pdf Graphic file (type pdf)
<use figures/fig_bookmaker_adjustment_v3.pdf>
Package pdftex.def Info: figures/fig_bookmaker_adjustment_v3.pdf  used on input line 939.
(pdftex.def)             Requested size: 399.29463pt x 243.85486pt.
<figures/fig_odds_spread_v3.pdf, id=1408, 461.89124pt x 245.42441pt>
File: figures/fig_odds_spread_v3.pdf Graphic file (type pdf)
<use figures/fig_odds_spread_v3.pdf>
Package pdftex.def Info: figures/fig_odds_spread_v3.pdf  used on input line 946.
(pdftex.def)             Requested size: 399.29463pt x 212.16936pt.
 [67 <./figures/fig_competitive_balance_v3.pdf> <./figures/fig_bookmaker_adjustment_v3.pdf>]
<figures/fig_injury_rates_v3.png, id=1505, 715.473pt x 317.988pt>
File: figures/fig_injury_rates_v3.png Graphic file (type png)
<use figures/fig_injury_rates_v3.png>
Package pdftex.def Info: figures/fig_injury_rates_v3.png  used on input line 953.
(pdftex.def)             Requested size: 399.29463pt x 177.4607pt.
 [68 <./figures/fig_odds_spread_v3.pdf> <./figures/fig_injury_rates_v3.png>] (./main.aux)
 ***********
LaTeX2e <2025-11-01>
L3 programming layer <2026-01-19>
 ***********
Package rerunfilecheck Info: File `main.out' has not changed.
(rerunfilecheck)             Checksum: 92A2A1F52BE654006DBF3412CA619070;10817.
 ) 
Here is how much of TeX's memory you used:
 13826 strings out of 469515
 224284 string characters out of 5469773
 647314 words of memory out of 5000000
 42026 multiletter control sequences out of 15000+600000
 641689 words of font info for 92 fonts, out of 8000000 for 9000
 14 hyphenation exceptions out of 8191
 75i,15n,79p,1571b,636s stack positions out of 10000i,1000n,20000p,200000b,200000s
 </home/aacar/.TinyTeX/texmf-var/fonts/pk/ljfour/jknappen/ec/tcrm1200.600pk> </home/aacar/.TinyTeX/texmf-var/fonts/pk/ljfour/jknappen/ec/tcrm0700.600pk> </home/aacar/.TinyTeX/texmf-var/fonts/pk/ljfour/jknappen/ec/tcrm1000.600pk></home/aacar/.TinyTeX/texmf-dist/fonts/type1/public/amsfonts/cm/cmbx10.pfb></home/aacar/.TinyTeX/texmf-dist/fonts/type1/public/amsfonts/cm/cmbx12.pfb></home/aacar/.TinyTeX/texmf-dist/fonts/type1/public/amsfonts/cm/cmex10.pfb></home/aacar/.TinyTeX/texmf-dist/fonts/type1/public/amsfonts/cm/cmmi10.pfb></home/aacar/.TinyTeX/texmf-dist/fonts/type1/public/amsfonts/cm/cmmi12.pfb></home/aacar/.TinyTeX/texmf-dist/fonts/type1/public/amsfonts/cm/cmmi7.pfb></home/aacar/.TinyTeX/texmf-dist/fonts/type1/public/amsfonts/cm/cmmi8.pfb></home/aacar/.TinyTeX/texmf-dist/fonts/type1/public/amsfonts/cm/cmr10.pfb></home/aacar/.TinyTeX/texmf-dist/fonts/type1/public/amsfonts/cm/cmr12.pfb></home/aacar/.TinyTeX/texmf-dist/fonts/type1/public/amsfonts/cm/cmr7.pfb></home/aacar/.TinyTeX/texmf-dist/fonts/type1/public/amsfonts/cm/cmr8.pfb></home/aacar/.TinyTeX/texmf-dist/fonts/type1/public/amsfonts/cm/cmsy10.pfb></home/aacar/.TinyTeX/texmf-dist/fonts/type1/public/amsfonts/cm/cmsy7.pfb></home/aacar/.TinyTeX/texmf-dist/fonts/type1/public/amsfonts/cm/cmsy8.pfb></home/aacar/.TinyTeX/texmf-dist/fonts/type1/public/amsfonts/cm/cmti10.pfb></home/aacar/.TinyTeX/texmf-dist/fonts/type1/public/amsfonts/cm/cmti12.pfb>
Output written on main.pdf (68 pages, 1656494 bytes).
PDF statistics:
 1706 PDF objects out of 1728 (max. 8388607)
 956 compressed objects within 10 object streams
 244 named destinations out of 1000 (max. 500000)
 525 words of extra memory for PDF output out of 10000 (max. 10000000)

