[SCRAPING] D2 2023-24...
    Matchday 37: no data, stopping after 3 empties
  -> 306 matches with referee

Done. New matches collected: 306
Total in tm_referees.csv: 306 rows
[SCRAPING] B1 2014-15...
    Matchday 33: no data, stopping after 3 empties
  -> 239 matches with referee
[SCRAPING] B1 2015-16...
[CACHED] B1 2014-15
[SCRAPING] B1 2015-16...
    Matchday 33: no data, stopping after 3 empties
  -> 240 matches with referee
[SCRAPING] B1 2016-17...
    Matchday 33: no data, stopping after 3 empties
  -> 240 matches with referee
[SCRAPING] B1 2017-18...
[SCRAPING] G1 2013-14...
[SCRAPING] F2 2013-14...
    Matchday 33: no data, stopping after 3 empties
  -> 240 matches with referee
[SCRAPING] B1 2018-19...
    Matchday 33: no data, stopping after 3 empties
  -> 240 matches with referee
[SCRAPING] B1 2019-20...
    Matchday 32: no data, stopping after 3 empties
  -> 231 matches with referee
[SCRAPING] B1 2020-21...
    Matchday 37: no data, stopping after 3 empties
  -> 306 matches with referee
[SCRAPING] B1 2021-22...
    Matchday 37: no data, stopping after 3 empties
  -> 305 matches with referee
[SCRAPING] B1 2022-23...
    Matchday 37: no data, stopping after 3 empties
  -> 306 matches with referee
[SCRAPING] B1 2023-24...
    Matchday 33: no data, stopping after 3 empties
  -> 240 matches with referee
[SCRAPING] B1 2024-25...
    Matchday 33: no data, stopping after 3 empties
  -> 240 matches with referee
[SCRAPING] D2 2013-14...
